<?xml version="1.0" encoding="UTF-8"?>
<!-- Generated by org.testng.reporters.JUnitReportReporter -->
<testsuite hostname="WIN-TSJVOI8SEVN" failures="0" tests="1" name="cv_pages.CV_LoginPage" time="0.007" errors="0" timestamp="2024-02-22T16:49:23 IST" skipped="0">
  <testcase classname="cv_pages.CV_LoginPage" name="demo" time="0.007"/>
</testsuite> <!-- cv_pages.CV_LoginPage -->
