<?xml version="1.0" encoding="UTF-8"?>
<!-- Generated by org.testng.reporters.JUnitReportReporter -->
<testsuite hostname="Rajendra-Laptop" failures="0" tests="1" name="cv_testcases.CV_LoginTestCase" time="6.686" errors="0" timestamp="2024-02-28T16:54:16 IST" skipped="0">
  <testcase classname="cv_testcases.CV_LoginTestCase" name="lg" time="6.686"/>
</testsuite> <!-- cv_testcases.CV_LoginTestCase -->
