<?xml version="1.0" encoding="UTF-8"?>
<!-- Generated by org.testng.reporters.JUnitReportReporter -->
<testsuite hostname="VInayak-QA" failures="0" tests="1" name="cv_testcases.CV_LoginTestCase" time="9.329" errors="0" timestamp="2024-03-04T16:32:27 IST" skipped="0">
  <testcase classname="cv_testcases.CV_LoginTestCase" name="checkValidUser" time="9.329"/>
</testsuite> <!-- cv_testcases.CV_LoginTestCase -->
