<?xml version="1.0" encoding="UTF-8"?>
<!-- Generated by org.testng.reporters.JUnitReportReporter -->
<testsuite hostname="VInayak-QA" failures="0" tests="1" name="cv_testcases.CV_LoginTestCase" time="11.669" errors="0" timestamp="2024-02-26T15:36:22 IST" skipped="0">
  <testcase classname="cv_testcases.CV_LoginTestCase" name="checkValidUser" time="11.669"/>
</testsuite> <!-- cv_testcases.CV_LoginTestCase -->
