<?xml version="1.0" encoding="UTF-8"?>
<!-- Generated by org.testng.reporters.JUnitReportReporter -->
<testsuite hostname="VInayak-QA" failures="0" tests="1" name="cv_pages.CV_LoginPage" time="0.013" errors="0" timestamp="2024-02-26T07:07:47 IST" skipped="0">
  <testcase classname="cv_pages.CV_LoginPage" name="demo" time="0.013"/>
</testsuite> <!-- cv_pages.CV_LoginPage -->
