<?xml version="1.0" encoding="UTF-8"?>
<!-- Generated by org.testng.reporters.JUnitReportReporter -->
<testsuite hostname="Ajay-Laptop" failures="0" tests="1" name="cv_testcases.CV_LoginTestCase" time="49.121" errors="0" timestamp="2024-03-28T18:52:12 IST" skipped="0">
  <testcase classname="cv_testcases.CV_LoginTestCase" name="checkValidUser" time="49.121"/>
</testsuite> <!-- cv_testcases.CV_LoginTestCase -->
